<?xml version="1.0" encoding="UTF-8"?>
<!-- Generated by org.testng.reporters.JUnitReportReporter -->
<testsuite hostname="idea-PC" failures="0" tests="8" name="pract1.TestNG" time="0.060" errors="0" timestamp="2022-09-17T16:15:52 IST" skipped="0">
  <testcase classname="pract1.TestNG" name="testD" time="0.005"/>
  <system-out/>
  <testcase classname="pract1.TestNG" name="testC" time="0.006"/>
  <system-out/>
  <testcase classname="pract1.TestNG" name="testA" time="0.005"/>
  <system-out/>
  <testcase classname="pract1.TestNG" name="testD" time="0.005"/>
  <system-out/>
  <testcase classname="pract1.TestNG" name="testB" time="0.006"/>
  <system-out/>
  <testcase classname="pract1.TestNG" name="testC" time="0.012"/>
  <system-out/>
  <testcase classname="pract1.TestNG" name="testB" time="0.003"/>
  <system-out/>
  <testcase classname="pract1.TestNG" name="testA" time="0.018"/>
  <system-out/>
</testsuite> <!-- pract1.TestNG -->
